#
# A fatal error has been detected by the Java Runtime Environment:
#
#  EXCEPTION_ACCESS_VIOLATION (0xc0000005) at pc=0x0000000000000000, pid=19544, tid=5920
#
# JRE version: Java(TM) SE Runtime Environment (21.0.1+12) (build 21.0.1+12-LTS-29)
# Java VM: Java HotSpot(TM) 64-Bit Server VM (21.0.1+12-LTS-29, mixed mode, sharing, tiered, compressed oops, compressed class ptrs, g1 gc, windows-amd64)
# Problematic frame:
# C  [JNISpout_64.dll+0xae8f]
#
# No core dump will be written. Minidumps are not enabled by default on client versions of Windows
#
# If you would like to submit a bug report, please visit:
#   https://bugreport.java.com/bugreport/crash.jsp
# The crash happened outside the Java Virtual Machine in native code.
# See problematic frame for where to report the bug.
#

---------------  S U M M A R Y ------------

Command Line: -Djava.library.path=C:\Users\Andres\Documents\Code Libs\Spout -javaagent:C:\Program Files\JetBrains\IntelliJ IDEA Community Edition 2023.3.2\lib\idea_rt.jar=59400:C:\Program Files\JetBrains\IntelliJ IDEA Community Edition 2023.3.2\bin -Dfile.encoding=UTF-8 -Dsun.stdout.encoding=UTF-8 -Dsun.stderr.encoding=UTF-8 com.bslsk.bin.GFrame

Host: Intel(R) Core(TM) i7-8650U CPU @ 1.90GHz, 8 cores, 7G,  Windows 11 , 64 bit Build 22621 (10.0.22621.2506)
Time: Thu Jan 11 18:22:47 2024 Eastern Standard Time elapsed time: 4.337114 seconds (0d 0h 0m 4s)

---------------  T H R E A D  ---------------

Current thread (0x000001ef77ded560):  JavaThread "main-FPSAWTAnimator#00-Timer0"        [_thread_in_native, id=5920, stack(0x000000ad78000000,0x000000ad78100000) (1024K)]

Stack: [0x000000ad78000000,0x000000ad78100000],  sp=0x000000ad780fe900,  free space=1018k
Native frames: (J=compiled Java code, j=interpreted, Vv=VM code, C=native code)

Java frames: (J=compiled Java code, j=interpreted, Vv=VM code)
j  spout.JNISpout.sendTexture(IIIIZJ)Z+0
j  spout.Spout.sendTexture(Lprocessing/core/PImage;)V+200
j  spout.XApplet.draw()V+18
j  processing.core.PApplet.handleDraw()V+272
j  processing.opengl.PSurfaceJOGL$DrawListener.display(Lcom/jogamp/opengl/GLAutoDrawable;)V+238
j  jogamp.opengl.GLDrawableHelper.displayImpl(Lcom/jogamp/opengl/GLAutoDrawable;)V+62
j  jogamp.opengl.GLDrawableHelper.display(Lcom/jogamp/opengl/GLAutoDrawable;)V+2
j  jogamp.opengl.GLAutoDrawableBase$2.run()V+59
j  jogamp.opengl.GLDrawableHelper.invokeGLImpl(Lcom/jogamp/opengl/GLDrawable;Lcom/jogamp/opengl/GLContext;Ljava/lang/Runnable;Ljava/lang/Runnable;)V+205
j  jogamp.opengl.GLDrawableHelper.invokeGL(Lcom/jogamp/opengl/GLDrawable;Lcom/jogamp/opengl/GLContext;Ljava/lang/Runnable;Ljava/lang/Runnable;)V+75
j  com.jogamp.newt.opengl.GLWindow.display()V+90
j  com.jogamp.opengl.util.AWTAnimatorImpl.display(Ljava/util/ArrayList;ZZ)V+68
j  com.jogamp.opengl.util.AnimatorBase.display()V+16
j  com.jogamp.opengl.util.FPSAnimator$MainTask.run()V+216
j  java.util.TimerThread.mainLoop()V+221 java.base@21.0.1
j  java.util.TimerThread.run()V+1 java.base@21.0.1
v  ~StubRoutines::call_stub 0x000001ef5ce2100d

siginfo: EXCEPTION_ACCESS_VIOLATION (0xc0000005), data execution prevention violation at address 0x0000000000000000


Registers:
RAX=0x0000000000000000, RBX=0x000001ef6eb2f9e0, RCX=0x0000000000000001, RDX=0x000001ef6eb2ff88
RSP=0x000000ad780fe8f8, RBP=0x00000000000080e1, RSI=0x000000000000021c, RDI=0x0000000000000f00
R8 =0xffff80b248067170, R9 =0x00007ffb3009734c, R10=0x00007ffb30030000, R11=0x000000ad780fe430
R12=0x0000000000000004, R13=0x000001ef6a8542b8, R14=0x0000000000000001, R15=0x0000000000000de1
RIP=0x0000000000000000, EFLAGS=0x0000000000010202


Register to memory mapping:

RAX=0x0 is null
RBX=0x000001ef6eb2f9e0 points into unknown readable memory: 0x00007ffb300869f8 | f8 69 08 30 fb 7f 00 00
RCX=0x0000000000000001 is an unknown value
RDX=0x000001ef6eb2ff88 points into unknown readable memory: 0x0000000000000000 | 00 00 00 00 00 00 00 00
RSP=0x000000ad780fe8f8 is pointing into the stack for thread: 0x000001ef77ded560
RBP=0x00000000000080e1 is an unknown value
RSI=0x000000000000021c is an unknown value
RDI=0x0000000000000f00 is an unknown value
R8 =0xffff80b248067170 is an unknown value
R9 =0x00007ffb3009734c JNISpout_64.dll
R10=0x00007ffb30030000 JNISpout_64.dll
R11=0x000000ad780fe430 is pointing into the stack for thread: 0x000001ef77ded560
R12=0x0000000000000004 is an unknown value
R13={method} {0x000001ef6a8542c0} 'sendTexture' '(IIIIZJ)Z' in 'spout/JNISpout'
R14=0x0000000000000001 is an unknown value
R15=0x0000000000000de1 is an unknown value

Top of Stack: (sp=0x000000ad780fe8f8)
0x000000ad780fe8f8:   00007ffb3003ae8f 00007ffb30088718
0x000000ad780fe908:   0000000000000001 0000000000000de1
0x000000ad780fe918:   00000000000003c0 0000000000000000
0x000000ad780fe928:   000000ad780fe9e0 0000000000000000
0x000000ad780fe938:   00007ffb71425694 0000f62fd268fbcc
0x000000ad780fe948:   0000000000000000 0000000000000de1
0x000000ad780fe958:   0000000000000001 0000000000000000
0x000000ad780fe968:   000001ef6eb2fd68 000000000000021c
0x000000ad780fe978:   00000000000003c0 000001ef6eb2f9e0
0x000000ad780fe988:   00007ffb3003b1e2 00000000000003c0
0x000000ad780fe998:   000001ef00000001 0000000000000de1
0x000000ad780fe9a8:   000001ef000003c0 000001ef0000021c
0x000000ad780fe9b8:   000000ad00000f00 000001ef41e98000
0x000000ad780fe9c8:   000001ef000080e1 0000000000001000
0x000000ad780fe9d8:   0000000000000000 000001ef41e98000
0x000000ad780fe9e8:   001fa40000000f00 00000000000003c0
0x000000ad780fe9f8:   00007f33c5b9936c 0000000000000000
0x000000ad780fea08:   0000000000000001 0000000080007bc2
0x000000ad780fea18:   000001ef00000057 0000f62fd268fabc
0x000000ad780fea28:   000001ef6eb39038 0000000000000004
0x000000ad780fea38:   000001ef77ded560 0000000000000de1
0x000000ad780fea48:   000000000000021c 00000000000003c0
0x000000ad780fea58:   0000000000000001 000001ef6eb2f9e0
0x000000ad780fea68:   00007ffb300348ed 000001ef6eb2f9e0
0x000000ad780fea78:   0000000000000001 00000000000003c0
0x000000ad780fea88:   000000ad780fec18 000000ad0000021c
0x000000ad780fea98:   000001ef00000000 00007ffa00000000
0x000000ad780feaa8:   00007ffb2ae46675 000000ad780fec18
0x000000ad780feab8:   00007ffb30031962 000000000000021c
0x000000ad780feac8:   000000ad780febc8 0000000000000008
0x000000ad780fead8:   00000000000003c0 000000000000021c
0x000000ad780feae8:   000001ef5ce2cc00 000001ef00000000 

Instructions: (pc=0x00007ffb3003ae8f)
0x00007ffb3003ad8f:   0f b7 c8 83 e9 0d 74 28 81 e9 91 00 00 00 74 17
0x00007ffb3003ad9f:   83 f9 09 74 09 48 8d 0d 6d d7 04 00 eb 19 48 8d
0x00007ffb3003adaf:   0d 2c d7 04 00 eb 10 48 8d 0d bb d6 04 00 eb 07
0x00007ffb3003adbf:   48 8d 0d e2 d6 04 00 e8 85 94 00 00 48 8b 93 c0
0x00007ffb3003adcf:   05 00 00 48 8d 8b c0 00 00 00 e8 a2 d9 ff ff 40
0x00007ffb3003addf:   0f b6 c6 48 8b 74 24 78 e9 14 fe ff ff 32 c0 e9
0x00007ffb3003adef:   12 fe ff ff cc cc cc cc cc cc cc cc cc cc cc cc
0x00007ffb3003adff:   cc 44 89 4c 24 20 44 89 44 24 18 89 54 24 10 53
0x00007ffb3003ae0f:   55 56 57 41 54 41 56 41 57 48 83 ec 50 48 83 bc
0x00007ffb3003ae1f:   24 c0 00 00 00 00 48 8b d9 41 bc 04 00 00 00 0f
0x00007ffb3003ae2f:   84 b3 02 00 00 8b ac 24 c8 00 00 00 81 fd 07 19
0x00007ffb3003ae3f:   00 00 74 08 81 fd e0 80 00 00 75 06 41 bc 03 00
0x00007ffb3003ae4f:   00 00 8b 84 24 b8 00 00 00 8b f8 85 c0 75 0a 41
0x00007ffb3003ae5f:   8b fc 41 8b c1 48 0f af f8 83 b9 a8 05 00 00 00
0x00007ffb3003ae6f:   75 1e 48 8d 0d a0 d8 04 00 e8 33 93 00 00 48 8d
0x00007ffb3003ae7f:   93 a8 05 00 00 b9 01 00 00 00 ff 15 b1 c3 05 00
0x00007ffb3003ae8f:   45 33 ff 44 39 bb 68 03 00 00 75 2c 8b 93 80 03
0x00007ffb3003ae9f:   00 00 48 8d 0d a0 d8 04 00 e8 03 93 00 00 8b 8b
0x00007ffb3003aeaf:   80 03 00 00 48 8d 93 68 03 00 00 ff 15 38 c3 05
0x00007ffb3003aebf:   00 4c 89 bb 78 03 00 00 8b 83 78 03 00 00 8b 8b
0x00007ffb3003aecf:   80 03 00 00 ff c0 44 8b bc 24 d8 00 00 00 99 f7
0x00007ffb3003aedf:   f9 89 93 78 03 00 00 8d 42 01 99 f7 f9 83 bc 24
0x00007ffb3003aeef:   98 00 00 00 00 89 93 7c 03 00 00 76 44 8b 93 a8
0x00007ffb3003aeff:   05 00 00 b9 40 8d 00 00 ff 15 db c2 05 00 44 8b
0x00007ffb3003af0f:   8c 24 98 00 00 00 ba e0 8c 00 00 44 8b 84 24 a0
0x00007ffb3003af1f:   00 00 00 c7 44 24 20 00 00 00 00 8d 4a 60 ff 15
0x00007ffb3003af2f:   1d c3 05 00 b9 e0 8c 00 00 ff 15 8a 05 04 00 eb
0x00007ffb3003af3f:   09 45 85 ff 0f 84 9e 01 00 00 48 63 93 78 03 00
0x00007ffb3003af4f:   00 b9 eb 88 00 00 8b 94 93 68 03 00 00 ff 15 f6
0x00007ffb3003af5f:   c2 05 00 4c 8d 44 24 40 c7 44 24 40 00 00 00 00
0x00007ffb3003af6f:   ba 64 87 00 00 b9 eb 88 00 00 ff 15 e9 c2 05 00
0x00007ffb3003af7f:   8b 54 24 40 44 8b b4 24 b0 00 00 00 85 d2 7e 57 


Stack slot to memory mapping:

stack at sp + 0 slots: 0x00007ffb30088718 JNISpout_64.dll
stack at sp + 1 slots: 0x0000000000000001 is an unknown value
stack at sp + 2 slots: 0x0000000000000de1 is an unknown value
stack at sp + 3 slots: 0x00000000000003c0 is an unknown value
stack at sp + 4 slots: 0x0 is null
stack at sp + 5 slots: 0x000000ad780fe9e0 is pointing into the stack for thread: 0x000001ef77ded560
stack at sp + 6 slots: 0x0 is null
stack at sp + 7 slots: 0x00007ffb71425694 d3d11.dll


---------------  P R O C E S S  ---------------

Threads class SMR info:
_java_thread_list=0x000001ef727a5600, length=23, elements={
0x000001ef69e56c90, 0x000001ef69e580b0, 0x000001ef69e5bb60, 0x000001ef69e5c5c0,
0x000001ef69e5e030, 0x000001ef69e5ebc0, 0x000001ef69e693b0, 0x000001ef69e73270,
0x000001ef6e0efd50, 0x000001ef6e2e5830, 0x000001ef6e2ee850, 0x000001ef6e3cda70,
0x000001ef6e3d2060, 0x000001ef6e3d5c40, 0x000001ef6e80f330, 0x000001ef6e9ae9f0,
0x000001ef6ec89670, 0x000001ef77dea0e0, 0x000001ef77deae00, 0x000001ef77dec1b0,
0x000001ef77ded560, 0x000001ef7867f3d0, 0x000001ef7867fa60
}

Java Threads: ( => current thread )
  0x000001ef69e56c90 JavaThread "Reference Handler"          daemon [_thread_blocked, id=16492, stack(0x000000ad75a00000,0x000000ad75b00000) (1024K)]
  0x000001ef69e580b0 JavaThread "Finalizer"                  daemon [_thread_blocked, id=6184, stack(0x000000ad75b00000,0x000000ad75c00000) (1024K)]
  0x000001ef69e5bb60 JavaThread "Signal Dispatcher"          daemon [_thread_blocked, id=19500, stack(0x000000ad75c00000,0x000000ad75d00000) (1024K)]
  0x000001ef69e5c5c0 JavaThread "Attach Listener"            daemon [_thread_blocked, id=12776, stack(0x000000ad75d00000,0x000000ad75e00000) (1024K)]
  0x000001ef69e5e030 JavaThread "Service Thread"             daemon [_thread_blocked, id=13716, stack(0x000000ad75e00000,0x000000ad75f00000) (1024K)]
  0x000001ef69e5ebc0 JavaThread "Monitor Deflation Thread"   daemon [_thread_blocked, id=12012, stack(0x000000ad75f00000,0x000000ad76000000) (1024K)]
  0x000001ef69e693b0 JavaThread "C2 CompilerThread0"         daemon [_thread_blocked, id=18152, stack(0x000000ad76000000,0x000000ad76100000) (1024K)]
  0x000001ef69e73270 JavaThread "C1 CompilerThread0"         daemon [_thread_blocked, id=19248, stack(0x000000ad76100000,0x000000ad76200000) (1024K)]
  0x000001ef6e0efd50 JavaThread "Common-Cleaner"             daemon [_thread_blocked, id=18276, stack(0x000000ad76200000,0x000000ad76300000) (1024K)]
  0x000001ef6e2e5830 JavaThread "Monitor Ctrl-Break"         daemon [_thread_in_native, id=15524, stack(0x000000ad76300000,0x000000ad76400000) (1024K)]
  0x000001ef6e2ee850 JavaThread "Notification Thread"        daemon [_thread_blocked, id=2368, stack(0x000000ad76400000,0x000000ad76500000) (1024K)]
  0x000001ef6e3cda70 JavaThread "Java2D Disposer"            daemon [_thread_blocked, id=20028, stack(0x000000ad76500000,0x000000ad76600000) (1024K)]
  0x000001ef6e3d2060 JavaThread "AWT-Shutdown"                      [_thread_blocked, id=18800, stack(0x000000ad76600000,0x000000ad76700000) (1024K)]
  0x000001ef6e3d5c40 JavaThread "AWT-Windows"                daemon [_thread_in_native, id=17296, stack(0x000000ad76700000,0x000000ad76800000) (1024K)]
  0x000001ef6e80f330 JavaThread "AWT-EventQueue-0"                  [_thread_in_native, id=12864, stack(0x000000ad76900000,0x000000ad76a00000) (1024K)]
  0x000001ef6e9ae9f0 JavaThread "Image Fetcher 0"            daemon [_thread_blocked, id=544, stack(0x000000ad76a00000,0x000000ad76b00000) (1024K)]
  0x000001ef6ec89670 JavaThread "main-SharedResourceRunner"  daemon [_thread_blocked, id=18620, stack(0x000000ad76800000,0x000000ad76900000) (1024K)]
  0x000001ef77dea0e0 JavaThread "main-Display-.windows_nil-1-EDT-1" daemon [_thread_blocked, id=18484, stack(0x000000ad77d00000,0x000000ad77e00000) (1024K)]
  0x000001ef77deae00 JavaThread "HighResTimerThread"         daemon [_thread_blocked, id=19844, stack(0x000000ad77e00000,0x000000ad77f00000) (1024K)]
  0x000001ef77dec1b0 JavaThread "Thread-2"                          [_thread_blocked, id=4572, stack(0x000000ad77f00000,0x000000ad78000000) (1024K)]
=>0x000001ef77ded560 JavaThread "main-FPSAWTAnimator#00-Timer0"        [_thread_in_native, id=5920, stack(0x000000ad78000000,0x000000ad78100000) (1024K)]
  0x000001ef7867f3d0 JavaThread "Thread-4"                          [_thread_in_Java, id=18112, stack(0x000000ad78100000,0x000000ad78200000) (1024K)]
  0x000001ef7867fa60 JavaThread "DestroyJavaVM"                     [_thread_blocked, id=2992, stack(0x000000ad75200000,0x000000ad75300000) (1024K)]
Total: 23

Other Threads:
  0x000001ef69e36e70 VMThread "VM Thread"                           [id=18536, stack(0x000000ad75900000,0x000000ad75a00000) (1024K)]
  0x000001ef69e1f7b0 WatcherThread "VM Periodic Task Thread"        [id=9504, stack(0x000000ad75800000,0x000000ad75900000) (1024K)]
  0x000001ef4d504d80 WorkerThread "GC Thread#0"                     [id=18836, stack(0x000000ad75300000,0x000000ad75400000) (1024K)]
  0x000001ef6ecf74f0 WorkerThread "GC Thread#1"                     [id=6792, stack(0x000000ad76b00000,0x000000ad76c00000) (1024K)]
  0x000001ef6ecf7890 WorkerThread "GC Thread#2"                     [id=772, stack(0x000000ad76c00000,0x000000ad76d00000) (1024K)]
  0x000001ef6ecf7c30 WorkerThread "GC Thread#3"                     [id=3052, stack(0x000000ad76d00000,0x000000ad76e00000) (1024K)]
  0x000001ef6ecf7fd0 WorkerThread "GC Thread#4"                     [id=18544, stack(0x000000ad76e00000,0x000000ad76f00000) (1024K)]
  0x000001ef6ecf9410 WorkerThread "GC Thread#5"                     [id=18028, stack(0x000000ad76f00000,0x000000ad77000000) (1024K)]
  0x000001ef6ec4d400 WorkerThread "GC Thread#6"                     [id=4740, stack(0x000000ad77000000,0x000000ad77100000) (1024K)]
  0x000001ef6ed3e270 WorkerThread "GC Thread#7"                     [id=2492, stack(0x000000ad77100000,0x000000ad77200000) (1024K)]
  0x000001ef4d516ca0 ConcurrentGCThread "G1 Main Marker"            [id=18628, stack(0x000000ad75400000,0x000000ad75500000) (1024K)]
  0x000001ef4d518310 WorkerThread "G1 Conc#0"                       [id=19892, stack(0x000000ad75500000,0x000000ad75600000) (1024K)]
  0x000001ef4d55e420 ConcurrentGCThread "G1 Refine#0"               [id=13528, stack(0x000000ad75600000,0x000000ad75700000) (1024K)]
  0x000001ef69ce1560 ConcurrentGCThread "G1 Service"                [id=588, stack(0x000000ad75700000,0x000000ad75800000) (1024K)]
Total: 14

Threads with active compile tasks:
Total: 0

VM state: not at safepoint (normal execution)

VM Mutex/Monitor currently owned by a thread: None

Heap address: 0x0000000081400000, size: 2028 MB, Compressed Oops mode: 32-bit

CDS archive(s) mapped at: [0x000001ef00000000-0x000001ef00c90000-0x000001ef00c90000), size 13172736, SharedBaseAddress: 0x000001ef00000000, ArchiveRelocationMode: 1.
Compressed class space mapped at: 0x000001ef01000000-0x000001ef41000000, reserved size: 1073741824
Narrow klass base: 0x000001ef00000000, Narrow klass shift: 0, Narrow klass range: 0x100000000

GC Precious Log:
 CardTable entry size: 512
 Card Set container configuration: InlinePtr #cards 5 size 8 Array Of Cards #cards 12 size 40 Howl #buckets 4 coarsen threshold 1843 Howl Bitmap #cards 512 size 80 coarsen threshold 460 Card regions per heap region 1 cards per card region 2048
 CPUs: 8 total, 8 available
 Memory: 8109M
 Large Page Support: Disabled
 NUMA Support: Disabled
 Compressed Oops: Enabled (32-bit)
 Heap Region Size: 1M
 Heap Min Capacity: 8M
 Heap Initial Capacity: 128M
 Heap Max Capacity: 2028M
 Pre-touch: Disabled
 Parallel Workers: 8
 Concurrent Workers: 2
 Concurrent Refinement Workers: 8
 Periodic GC: Disabled

Heap:
 garbage-first heap   total 131072K, used 49194K [0x0000000081400000, 0x0000000100000000)
  region size 1024K, 28 young (28672K), 3 survivors (3072K)
 Metaspace       used 17316K, committed 17664K, reserved 1114112K
  class space    used 1450K, committed 1600K, reserved 1048576K

Heap Regions: E=young(eden), S=young(survivor), O=old, HS=humongous(starts), HC=humongous(continues), CS=collection set, F=free, TAMS=top-at-mark-start, PB=parsable bottom
|   0|0x0000000081400000, 0x0000000081500000, 0x0000000081500000|100%|HS|  |TAMS 0x0000000081400000| PB 0x0000000081400000| Complete 
|   1|0x0000000081500000, 0x0000000081600000, 0x0000000081600000|100%|HS|  |TAMS 0x0000000081500000| PB 0x0000000081500000| Complete 
|   2|0x0000000081600000, 0x0000000081700000, 0x0000000081700000|100%|HC|  |TAMS 0x0000000081600000| PB 0x0000000081600000| Complete 
|   3|0x0000000081700000, 0x0000000081800000, 0x0000000081800000|100%|HS|  |TAMS 0x0000000081700000| PB 0x0000000081700000| Complete 
|   4|0x0000000081800000, 0x0000000081900000, 0x0000000081900000|100%|HC|  |TAMS 0x0000000081800000| PB 0x0000000081800000| Complete 
|   5|0x0000000081900000, 0x0000000081a00000, 0x0000000081a00000|100%|HC|  |TAMS 0x0000000081900000| PB 0x0000000081900000| Complete 
|   6|0x0000000081a00000, 0x0000000081b00000, 0x0000000081b00000|100%|HC|  |TAMS 0x0000000081a00000| PB 0x0000000081a00000| Complete 
|   7|0x0000000081b00000, 0x0000000081c00000, 0x0000000081c00000|100%|HC|  |TAMS 0x0000000081b00000| PB 0x0000000081b00000| Complete 
|   8|0x0000000081c00000, 0x0000000081d00000, 0x0000000081d00000|100%|HS|  |TAMS 0x0000000081c00000| PB 0x0000000081c00000| Complete 
|   9|0x0000000081d00000, 0x0000000081e00000, 0x0000000081e00000|100%|HC|  |TAMS 0x0000000081d00000| PB 0x0000000081d00000| Complete 
|  10|0x0000000081e00000, 0x0000000081f00000, 0x0000000081f00000|100%|HS|  |TAMS 0x0000000081e00000| PB 0x0000000081e00000| Complete 
|  11|0x0000000081f00000, 0x0000000082000000, 0x0000000082000000|100%|HC|  |TAMS 0x0000000081f00000| PB 0x0000000081f00000| Complete 
|  12|0x0000000082000000, 0x0000000082100000, 0x0000000082100000|100%|HS|  |TAMS 0x0000000082000000| PB 0x0000000082000000| Complete 
|  13|0x0000000082100000, 0x0000000082200000, 0x0000000082200000|100%|HC|  |TAMS 0x0000000082100000| PB 0x0000000082100000| Complete 
|  14|0x0000000082200000, 0x0000000082300000, 0x0000000082300000|100%| O|  |TAMS 0x0000000082200000| PB 0x0000000082200000| Untracked 
|  15|0x0000000082300000, 0x000000008230aaa0, 0x0000000082400000|  4%| O|  |TAMS 0x0000000082300000| PB 0x0000000082300000| Untracked 
|  16|0x0000000082400000, 0x0000000082500000, 0x0000000082500000|100%|HS|  |TAMS 0x0000000082400000| PB 0x0000000082400000| Complete 
|  17|0x0000000082500000, 0x0000000082600000, 0x0000000082600000|100%|HS|  |TAMS 0x0000000082500000| PB 0x0000000082500000| Complete 
|  18|0x0000000082600000, 0x0000000082700000, 0x0000000082700000|100%|HC|  |TAMS 0x0000000082600000| PB 0x0000000082600000| Complete 
|  19|0x0000000082700000, 0x0000000082800000, 0x0000000082800000|100%|HS|  |TAMS 0x0000000082700000| PB 0x0000000082700000| Complete 
|  20|0x0000000082800000, 0x0000000082900000, 0x0000000082900000|100%|HC|  |TAMS 0x0000000082800000| PB 0x0000000082800000| Complete 
|  21|0x0000000082900000, 0x0000000082a00000, 0x0000000082a00000|100%|HS|  |TAMS 0x0000000082900000| PB 0x0000000082900000| Complete 
|  22|0x0000000082a00000, 0x0000000082b00000, 0x0000000082b00000|100%|HC|  |TAMS 0x0000000082a00000| PB 0x0000000082a00000| Complete 
|  23|0x0000000082b00000, 0x0000000082b00000, 0x0000000082c00000|  0%| F|  |TAMS 0x0000000082b00000| PB 0x0000000082b00000| Untracked 
|  24|0x0000000082c00000, 0x0000000082c00000, 0x0000000082d00000|  0%| F|  |TAMS 0x0000000082c00000| PB 0x0000000082c00000| Untracked 
|  25|0x0000000082d00000, 0x0000000082d00000, 0x0000000082e00000|  0%| F|  |TAMS 0x0000000082d00000| PB 0x0000000082d00000| Untracked 
|  26|0x0000000082e00000, 0x0000000082e00000, 0x0000000082f00000|  0%| F|  |TAMS 0x0000000082e00000| PB 0x0000000082e00000| Untracked 
|  27|0x0000000082f00000, 0x0000000082f00000, 0x0000000083000000|  0%| F|  |TAMS 0x0000000082f00000| PB 0x0000000082f00000| Untracked 
|  28|0x0000000083000000, 0x0000000083000000, 0x0000000083100000|  0%| F|  |TAMS 0x0000000083000000| PB 0x0000000083000000| Untracked 
|  29|0x0000000083100000, 0x0000000083100000, 0x0000000083200000|  0%| F|  |TAMS 0x0000000083100000| PB 0x0000000083100000| Untracked 
|  30|0x0000000083200000, 0x0000000083200000, 0x0000000083300000|  0%| F|  |TAMS 0x0000000083200000| PB 0x0000000083200000| Untracked 
|  31|0x0000000083300000, 0x0000000083300000, 0x0000000083400000|  0%| F|  |TAMS 0x0000000083300000| PB 0x0000000083300000| Untracked 
|  32|0x0000000083400000, 0x0000000083400000, 0x0000000083500000|  0%| F|  |TAMS 0x0000000083400000| PB 0x0000000083400000| Untracked 
|  33|0x0000000083500000, 0x0000000083500000, 0x0000000083600000|  0%| F|  |TAMS 0x0000000083500000| PB 0x0000000083500000| Untracked 
|  34|0x0000000083600000, 0x0000000083600000, 0x0000000083700000|  0%| F|  |TAMS 0x0000000083600000| PB 0x0000000083600000| Untracked 
|  35|0x0000000083700000, 0x0000000083700000, 0x0000000083800000|  0%| F|  |TAMS 0x0000000083700000| PB 0x0000000083700000| Untracked 
|  36|0x0000000083800000, 0x0000000083800000, 0x0000000083900000|  0%| F|  |TAMS 0x0000000083800000| PB 0x0000000083800000| Untracked 
|  37|0x0000000083900000, 0x0000000083900000, 0x0000000083a00000|  0%| F|  |TAMS 0x0000000083900000| PB 0x0000000083900000| Untracked 
|  38|0x0000000083a00000, 0x0000000083a00000, 0x0000000083b00000|  0%| F|  |TAMS 0x0000000083a00000| PB 0x0000000083a00000| Untracked 
|  39|0x0000000083b00000, 0x0000000083b00000, 0x0000000083c00000|  0%| F|  |TAMS 0x0000000083b00000| PB 0x0000000083b00000| Untracked 
|  40|0x0000000083c00000, 0x0000000083c00000, 0x0000000083d00000|  0%| F|  |TAMS 0x0000000083c00000| PB 0x0000000083c00000| Untracked 
|  41|0x0000000083d00000, 0x0000000083d00000, 0x0000000083e00000|  0%| F|  |TAMS 0x0000000083d00000| PB 0x0000000083d00000| Untracked 
|  42|0x0000000083e00000, 0x0000000083e00000, 0x0000000083f00000|  0%| F|  |TAMS 0x0000000083e00000| PB 0x0000000083e00000| Untracked 
|  43|0x0000000083f00000, 0x0000000083f00000, 0x0000000084000000|  0%| F|  |TAMS 0x0000000083f00000| PB 0x0000000083f00000| Untracked 
|  44|0x0000000084000000, 0x0000000084000000, 0x0000000084100000|  0%| F|  |TAMS 0x0000000084000000| PB 0x0000000084000000| Untracked 
|  45|0x0000000084100000, 0x0000000084100000, 0x0000000084200000|  0%| F|  |TAMS 0x0000000084100000| PB 0x0000000084100000| Untracked 
|  46|0x0000000084200000, 0x0000000084200000, 0x0000000084300000|  0%| F|  |TAMS 0x0000000084200000| PB 0x0000000084200000| Untracked 
|  47|0x0000000084300000, 0x0000000084300000, 0x0000000084400000|  0%| F|  |TAMS 0x0000000084300000| PB 0x0000000084300000| Untracked 
|  48|0x0000000084400000, 0x0000000084400000, 0x0000000084500000|  0%| F|  |TAMS 0x0000000084400000| PB 0x0000000084400000| Untracked 
|  49|0x0000000084500000, 0x0000000084500000, 0x0000000084600000|  0%| F|  |TAMS 0x0000000084500000| PB 0x0000000084500000| Untracked 
|  50|0x0000000084600000, 0x0000000084600000, 0x0000000084700000|  0%| F|  |TAMS 0x0000000084600000| PB 0x0000000084600000| Untracked 
|  51|0x0000000084700000, 0x0000000084700000, 0x0000000084800000|  0%| F|  |TAMS 0x0000000084700000| PB 0x0000000084700000| Untracked 
|  52|0x0000000084800000, 0x0000000084800000, 0x0000000084900000|  0%| F|  |TAMS 0x0000000084800000| PB 0x0000000084800000| Untracked 
|  53|0x0000000084900000, 0x0000000084900000, 0x0000000084a00000|  0%| F|  |TAMS 0x0000000084900000| PB 0x0000000084900000| Untracked 
|  54|0x0000000084a00000, 0x0000000084a00000, 0x0000000084b00000|  0%| F|  |TAMS 0x0000000084a00000| PB 0x0000000084a00000| Untracked 
|  55|0x0000000084b00000, 0x0000000084b00000, 0x0000000084c00000|  0%| F|  |TAMS 0x0000000084b00000| PB 0x0000000084b00000| Untracked 
|  56|0x0000000084c00000, 0x0000000084c00000, 0x0000000084d00000|  0%| F|  |TAMS 0x0000000084c00000| PB 0x0000000084c00000| Untracked 
|  57|0x0000000084d00000, 0x0000000084d00000, 0x0000000084e00000|  0%| F|  |TAMS 0x0000000084d00000| PB 0x0000000084d00000| Untracked 
|  58|0x0000000084e00000, 0x0000000084e00000, 0x0000000084f00000|  0%| F|  |TAMS 0x0000000084e00000| PB 0x0000000084e00000| Untracked 
|  59|0x0000000084f00000, 0x0000000084f00000, 0x0000000085000000|  0%| F|  |TAMS 0x0000000084f00000| PB 0x0000000084f00000| Untracked 
|  60|0x0000000085000000, 0x0000000085000000, 0x0000000085100000|  0%| F|  |TAMS 0x0000000085000000| PB 0x0000000085000000| Untracked 
|  61|0x0000000085100000, 0x0000000085100000, 0x0000000085200000|  0%| F|  |TAMS 0x0000000085100000| PB 0x0000000085100000| Untracked 
|  62|0x0000000085200000, 0x0000000085200000, 0x0000000085300000|  0%| F|  |TAMS 0x0000000085200000| PB 0x0000000085200000| Untracked 
|  63|0x0000000085300000, 0x0000000085300000, 0x0000000085400000|  0%| F|  |TAMS 0x0000000085300000| PB 0x0000000085300000| Untracked 
|  64|0x0000000085400000, 0x0000000085400000, 0x0000000085500000|  0%| F|  |TAMS 0x0000000085400000| PB 0x0000000085400000| Untracked 
|  65|0x0000000085500000, 0x0000000085500000, 0x0000000085600000|  0%| F|  |TAMS 0x0000000085500000| PB 0x0000000085500000| Untracked 
|  66|0x0000000085600000, 0x0000000085600000, 0x0000000085700000|  0%| F|  |TAMS 0x0000000085600000| PB 0x0000000085600000| Untracked 
|  67|0x0000000085700000, 0x0000000085700000, 0x0000000085800000|  0%| F|  |TAMS 0x0000000085700000| PB 0x0000000085700000| Untracked 
|  68|0x0000000085800000, 0x0000000085800000, 0x0000000085900000|  0%| F|  |TAMS 0x0000000085800000| PB 0x0000000085800000| Untracked 
|  69|0x0000000085900000, 0x0000000085900000, 0x0000000085a00000|  0%| F|  |TAMS 0x0000000085900000| PB 0x0000000085900000| Untracked 
|  70|0x0000000085a00000, 0x0000000085a00000, 0x0000000085b00000|  0%| F|  |TAMS 0x0000000085a00000| PB 0x0000000085a00000| Untracked 
|  71|0x0000000085b00000, 0x0000000085b00000, 0x0000000085c00000|  0%| F|  |TAMS 0x0000000085b00000| PB 0x0000000085b00000| Untracked 
|  72|0x0000000085c00000, 0x0000000085c00000, 0x0000000085d00000|  0%| F|  |TAMS 0x0000000085c00000| PB 0x0000000085c00000| Untracked 
|  73|0x0000000085d00000, 0x0000000085d00000, 0x0000000085e00000|  0%| F|  |TAMS 0x0000000085d00000| PB 0x0000000085d00000| Untracked 
|  74|0x0000000085e00000, 0x0000000085e00000, 0x0000000085f00000|  0%| F|  |TAMS 0x0000000085e00000| PB 0x0000000085e00000| Untracked 
|  75|0x0000000085f00000, 0x0000000085f00000, 0x0000000086000000|  0%| F|  |TAMS 0x0000000085f00000| PB 0x0000000085f00000| Untracked 
|  76|0x0000000086000000, 0x0000000086000000, 0x0000000086100000|  0%| F|  |TAMS 0x0000000086000000| PB 0x0000000086000000| Untracked 
|  77|0x0000000086100000, 0x0000000086100000, 0x0000000086200000|  0%| F|  |TAMS 0x0000000086100000| PB 0x0000000086100000| Untracked 
|  78|0x0000000086200000, 0x0000000086200000, 0x0000000086300000|  0%| F|  |TAMS 0x0000000086200000| PB 0x0000000086200000| Untracked 
|  79|0x0000000086300000, 0x0000000086300000, 0x0000000086400000|  0%| F|  |TAMS 0x0000000086300000| PB 0x0000000086300000| Untracked 
|  80|0x0000000086400000, 0x0000000086400000, 0x0000000086500000|  0%| F|  |TAMS 0x0000000086400000| PB 0x0000000086400000| Untracked 
|  81|0x0000000086500000, 0x0000000086500000, 0x0000000086600000|  0%| F|  |TAMS 0x0000000086500000| PB 0x0000000086500000| Untracked 
|  82|0x0000000086600000, 0x0000000086600000, 0x0000000086700000|  0%| F|  |TAMS 0x0000000086600000| PB 0x0000000086600000| Untracked 
|  83|0x0000000086700000, 0x0000000086700000, 0x0000000086800000|  0%| F|  |TAMS 0x0000000086700000| PB 0x0000000086700000| Untracked 
|  84|0x0000000086800000, 0x0000000086800000, 0x0000000086900000|  0%| F|  |TAMS 0x0000000086800000| PB 0x0000000086800000| Untracked 
|  85|0x0000000086900000, 0x0000000086900000, 0x0000000086a00000|  0%| F|  |TAMS 0x0000000086900000| PB 0x0000000086900000| Untracked 
|  86|0x0000000086a00000, 0x0000000086a00000, 0x0000000086b00000|  0%| F|  |TAMS 0x0000000086a00000| PB 0x0000000086a00000| Untracked 
|  87|0x0000000086b00000, 0x0000000086b00000, 0x0000000086c00000|  0%| F|  |TAMS 0x0000000086b00000| PB 0x0000000086b00000| Untracked 
|  88|0x0000000086c00000, 0x0000000086c00000, 0x0000000086d00000|  0%| F|  |TAMS 0x0000000086c00000| PB 0x0000000086c00000| Untracked 
|  89|0x0000000086d00000, 0x0000000086d00000, 0x0000000086e00000|  0%| F|  |TAMS 0x0000000086d00000| PB 0x0000000086d00000| Untracked 
|  90|0x0000000086e00000, 0x0000000086e00000, 0x0000000086f00000|  0%| F|  |TAMS 0x0000000086e00000| PB 0x0000000086e00000| Untracked 
|  91|0x0000000086f00000, 0x0000000086f00000, 0x0000000087000000|  0%| F|  |TAMS 0x0000000086f00000| PB 0x0000000086f00000| Untracked 
|  92|0x0000000087000000, 0x0000000087000000, 0x0000000087100000|  0%| F|  |TAMS 0x0000000087000000| PB 0x0000000087000000| Untracked 
|  93|0x0000000087100000, 0x0000000087100000, 0x0000000087200000|  0%| F|  |TAMS 0x0000000087100000| PB 0x0000000087100000| Untracked 
|  94|0x0000000087200000, 0x0000000087200000, 0x0000000087300000|  0%| F|  |TAMS 0x0000000087200000| PB 0x0000000087200000| Untracked 
|  95|0x0000000087300000, 0x0000000087300000, 0x0000000087400000|  0%| F|  |TAMS 0x0000000087300000| PB 0x0000000087300000| Untracked 
|  96|0x0000000087400000, 0x0000000087400000, 0x0000000087500000|  0%| F|  |TAMS 0x0000000087400000| PB 0x0000000087400000| Untracked 
|  97|0x0000000087500000, 0x0000000087500000, 0x0000000087600000|  0%| F|  |TAMS 0x0000000087500000| PB 0x0000000087500000| Untracked 
|  98|0x0000000087600000, 0x0000000087600000, 0x0000000087700000|  0%| F|  |TAMS 0x0000000087600000| PB 0x0000000087600000| Untracked 
|  99|0x0000000087700000, 0x0000000087700000, 0x0000000087800000|  0%| F|  |TAMS 0x0000000087700000| PB 0x0000000087700000| Untracked 
| 100|0x0000000087800000, 0x00000000878d3fd0, 0x0000000087900000| 82%| E|  |TAMS 0x0000000087800000| PB 0x0000000087800000| Complete 
| 101|0x0000000087900000, 0x0000000087a00000, 0x0000000087a00000|100%| E|CS|TAMS 0x0000000087900000| PB 0x0000000087900000| Complete 
| 102|0x0000000087a00000, 0x0000000087b00000, 0x0000000087b00000|100%| S|CS|TAMS 0x0000000087a00000| PB 0x0000000087a00000| Complete 
| 103|0x0000000087b00000, 0x0000000087c00000, 0x0000000087c00000|100%| S|CS|TAMS 0x0000000087b00000| PB 0x0000000087b00000| Complete 
| 104|0x0000000087c00000, 0x0000000087d00000, 0x0000000087d00000|100%| S|CS|TAMS 0x0000000087c00000| PB 0x0000000087c00000| Complete 
| 105|0x0000000087d00000, 0x0000000087e00000, 0x0000000087e00000|100%| E|CS|TAMS 0x0000000087d00000| PB 0x0000000087d00000| Complete 
| 106|0x0000000087e00000, 0x0000000087f00000, 0x0000000087f00000|100%| E|CS|TAMS 0x0000000087e00000| PB 0x0000000087e00000| Complete 
| 107|0x0000000087f00000, 0x0000000088000000, 0x0000000088000000|100%| E|CS|TAMS 0x0000000087f00000| PB 0x0000000087f00000| Complete 
| 108|0x0000000088000000, 0x0000000088100000, 0x0000000088100000|100%| E|CS|TAMS 0x0000000088000000| PB 0x0000000088000000| Complete 
| 109|0x0000000088100000, 0x0000000088200000, 0x0000000088200000|100%| E|CS|TAMS 0x0000000088100000| PB 0x0000000088100000| Complete 
| 110|0x0000000088200000, 0x0000000088300000, 0x0000000088300000|100%| E|CS|TAMS 0x0000000088200000| PB 0x0000000088200000| Complete 
| 111|0x0000000088300000, 0x0000000088400000, 0x0000000088400000|100%| E|CS|TAMS 0x0000000088300000| PB 0x0000000088300000| Complete 
| 112|0x0000000088400000, 0x0000000088500000, 0x0000000088500000|100%| E|CS|TAMS 0x0000000088400000| PB 0x0000000088400000| Complete 
| 113|0x0000000088500000, 0x0000000088600000, 0x0000000088600000|100%| E|CS|TAMS 0x0000000088500000| PB 0x0000000088500000| Complete 
| 114|0x0000000088600000, 0x0000000088700000, 0x0000000088700000|100%| E|CS|TAMS 0x0000000088600000| PB 0x0000000088600000| Complete 
| 115|0x0000000088700000, 0x0000000088800000, 0x0000000088800000|100%| E|CS|TAMS 0x0000000088700000| PB 0x0000000088700000| Complete 
| 116|0x0000000088800000, 0x0000000088900000, 0x0000000088900000|100%| E|CS|TAMS 0x0000000088800000| PB 0x0000000088800000| Complete 
| 117|0x0000000088900000, 0x0000000088a00000, 0x0000000088a00000|100%| E|CS|TAMS 0x0000000088900000| PB 0x0000000088900000| Complete 
| 118|0x0000000088a00000, 0x0000000088b00000, 0x0000000088b00000|100%| E|CS|TAMS 0x0000000088a00000| PB 0x0000000088a00000| Complete 
| 119|0x0000000088b00000, 0x0000000088c00000, 0x0000000088c00000|100%| E|CS|TAMS 0x0000000088b00000| PB 0x0000000088b00000| Complete 
| 120|0x0000000088c00000, 0x0000000088d00000, 0x0000000088d00000|100%| E|CS|TAMS 0x0000000088c00000| PB 0x0000000088c00000| Complete 
| 121|0x0000000088d00000, 0x0000000088e00000, 0x0000000088e00000|100%| E|CS|TAMS 0x0000000088d00000| PB 0x0000000088d00000| Complete 
| 122|0x0000000088e00000, 0x0000000088f00000, 0x0000000088f00000|100%| E|CS|TAMS 0x0000000088e00000| PB 0x0000000088e00000| Complete 
| 123|0x0000000088f00000, 0x0000000089000000, 0x0000000089000000|100%| E|CS|TAMS 0x0000000088f00000| PB 0x0000000088f00000| Complete 
| 124|0x0000000089000000, 0x0000000089100000, 0x0000000089100000|100%| E|  |TAMS 0x0000000089000000| PB 0x0000000089000000| Complete 
| 125|0x0000000089100000, 0x0000000089200000, 0x0000000089200000|100%| E|CS|TAMS 0x0000000089100000| PB 0x0000000089100000| Complete 
| 126|0x0000000089200000, 0x0000000089300000, 0x0000000089300000|100%| E|CS|TAMS 0x0000000089200000| PB 0x0000000089200000| Complete 
| 127|0x0000000089300000, 0x0000000089400000, 0x0000000089400000|100%| E|CS|TAMS 0x0000000089300000| PB 0x0000000089300000| Complete 

Card table byte_map: [0x000001ef65040000,0x000001ef65440000] _byte_map_base: 0x000001ef64c36000

Marking Bits: (CMBitMap*) 0x000001ef4d505480
 Bits: [0x000001ef65440000, 0x000001ef673f0000)

Polling page: 0x000001ef4b3f0000

Metaspace:

Usage:
  Non-class:     15.50 MB used.
      Class:      1.42 MB used.
       Both:     16.92 MB used.

Virtual space:
  Non-class space:       64.00 MB reserved,      15.69 MB ( 25%) committed,  1 nodes.
      Class space:        1.00 GB reserved,       1.56 MB ( <1%) committed,  1 nodes.
             Both:        1.06 GB reserved,      17.25 MB (  2%) committed. 

Chunk freelists:
   Non-Class:  15.95 MB
       Class:  14.32 MB
        Both:  30.27 MB

MaxMetaspaceSize: unlimited
CompressedClassSpaceSize: 1.00 GB
Initial GC threshold: 21.00 MB
Current GC threshold: 21.00 MB
CDS: on
 - commit_granule_bytes: 65536.
 - commit_granule_words: 8192.
 - virtual_space_node_default_size: 8388608.
 - enlarge_chunks_in_place: 1.
 - use_allocation_guard: 0.


Internal statistics:

num_allocs_failed_limit: 0.
num_arena_births: 352.
num_arena_deaths: 0.
num_vsnodes_births: 2.
num_vsnodes_deaths: 0.
num_space_committed: 272.
num_space_uncommitted: 0.
num_chunks_returned_to_freelist: 0.
num_chunks_taken_from_freelist: 710.
num_chunk_merges: 0.
num_chunk_splits: 474.
num_chunks_enlarged: 283.
num_inconsistent_stats: 0.

CodeHeap 'non-profiled nmethods': size=120000Kb used=798Kb max_used=798Kb free=119201Kb
 bounds [0x000001ef5d3c0000, 0x000001ef5d630000, 0x000001ef648f0000]
CodeHeap 'profiled nmethods': size=120000Kb used=3498Kb max_used=3498Kb free=116501Kb
 bounds [0x000001ef558f0000, 0x000001ef55c60000, 0x000001ef5ce20000]
CodeHeap 'non-nmethods': size=5760Kb used=2104Kb max_used=2133Kb free=3655Kb
 bounds [0x000001ef5ce20000, 0x000001ef5d090000, 0x000001ef5d3c0000]
 total_blobs=2996 nmethods=1933 adapters=968
 compilation: enabled
              stopped_count=0, restarted_count=0
 full_count=0

Compilation events (20 events):
Event: 4.296 Thread 0x000001ef69e73270 nmethod 1883 0x000001ef55c43910 code [0x000001ef55c43ae0, 0x000001ef55c43d98]
Event: 4.296 Thread 0x000001ef69e73270 1884       3       com.jogamp.opengl.util.GLBuffers::bytesPerPixel (433 bytes)
Event: 4.296 Thread 0x000001ef69e693b0 nmethod 1894 0x000001ef5d483490 code [0x000001ef5d483640, 0x000001ef5d483898]
Event: 4.297 Thread 0x000001ef69e73270 nmethod 1884 0x000001ef55c43e90 code [0x000001ef55c44200, 0x000001ef55c45670]
Event: 4.297 Thread 0x000001ef69e73270 1888       3       processing.opengl.PJOGL::texSubImage2D (25 bytes)
Event: 4.297 Thread 0x000001ef69e73270 nmethod 1888 0x000001ef55c45c90 code [0x000001ef55c45e40, 0x000001ef55c46058]
Event: 4.297 Thread 0x000001ef69e73270 1889       3       jogamp.opengl.gl4.GL4bcImpl::glTexSubImage2D (126 bytes)
Event: 4.298 Thread 0x000001ef69e73270 nmethod 1889 0x000001ef55c46190 code [0x000001ef55c464a0, 0x000001ef55c47390]
Event: 4.298 Thread 0x000001ef69e73270 1890       3       com.jogamp.common.nio.Buffers::remainingBytes (219 bytes)
Event: 4.299 Thread 0x000001ef69e73270 nmethod 1890 0x000001ef55c47910 code [0x000001ef55c47ca0, 0x000001ef55c498a0]
Event: 4.300 Thread 0x000001ef69e73270 1869       1       com.bslsk.info.Recorder::isStarted (5 bytes)
Event: 4.300 Thread 0x000001ef69e73270 nmethod 1869 0x000001ef5d483b90 code [0x000001ef5d483d20, 0x000001ef5d483df0]
Event: 4.300 Thread 0x000001ef69e73270 1870       1       com.bslsk.info.Recorder::isRunning (5 bytes)
Event: 4.300 Thread 0x000001ef69e73270 nmethod 1870 0x000001ef5d483e90 code [0x000001ef5d484020, 0x000001ef5d4840f0]
Event: 4.300 Thread 0x000001ef69e73270 1895 %     3       processing.opengl.Texture::convertToRGBA @ 290 (353 bytes)
Event: 4.300 Thread 0x000001ef69e73270 nmethod 1895% 0x000001ef55c49f10 code [0x000001ef55c4a140, 0x000001ef55c4ab40]
Event: 4.300 Thread 0x000001ef69e73270 1896       3       processing.opengl.Texture::convertToRGBA (353 bytes)
Event: 4.301 Thread 0x000001ef69e73270 nmethod 1896 0x000001ef55c4b010 code [0x000001ef55c4b240, 0x000001ef55c4bb28]
Event: 4.301 Thread 0x000001ef69e693b0 1897 %     4       processing.opengl.Texture::convertToRGBA @ 290 (353 bytes)
Event: 4.315 Thread 0x000001ef69e693b0 nmethod 1897% 0x000001ef5d484190 code [0x000001ef5d484360, 0x000001ef5d484730]

GC Heap History (2 events):
Event: 1.274 GC heap before
{Heap before GC invocations=0 (full 0):
 garbage-first heap   total 131072K, used 37888K [0x0000000081400000, 0x0000000100000000)
  region size 1024K, 23 young (23552K), 0 survivors (0K)
 Metaspace       used 10722K, committed 11072K, reserved 1114112K
  class space    used 1014K, committed 1216K, reserved 1048576K
}
Event: 1.281 GC heap after
{Heap after GC invocations=1 (full 0):
 garbage-first heap   total 131072K, used 18474K [0x0000000081400000, 0x0000000100000000)
  region size 1024K, 3 young (3072K), 3 survivors (3072K)
 Metaspace       used 10722K, committed 11072K, reserved 1114112K
  class space    used 1014K, committed 1216K, reserved 1048576K
}

Dll operation events (20 events):
Event: 0.132 Loaded shared library C:\Program Files\Java\jdk-21\bin\zip.dll
Event: 0.139 Loaded shared library C:\Program Files\Java\jdk-21\bin\instrument.dll
Event: 0.147 Loaded shared library C:\Program Files\Java\jdk-21\bin\net.dll
Event: 0.150 Loaded shared library C:\Program Files\Java\jdk-21\bin\nio.dll
Event: 0.155 Loaded shared library C:\Program Files\Java\jdk-21\bin\zip.dll
Event: 0.182 Loaded shared library C:\Program Files\JetBrains\IntelliJ IDEA Community Edition 2023.3.2\bin\breakgen64.dll
Event: 0.194 Loaded shared library C:\Program Files\Java\jdk-21\bin\extnet.dll
Event: 0.208 Loaded shared library C:\Program Files\Java\jdk-21\bin\jimage.dll
Event: 0.227 Loaded shared library C:\Program Files\Java\jdk-21\bin\awt.dll
Event: 0.571 Loaded shared library C:\Program Files\Java\jdk-21\bin\javajpeg.dll
Event: 0.688 Loaded shared library C:\Program Files\Java\jdk-21\bin\freetype.dll
Event: 0.690 Loaded shared library C:\Program Files\Java\jdk-21\bin\fontmanager.dll
Event: 1.119 Loaded shared library C:\Program Files\Java\jdk-21\bin\JNISpout_64.dll
Event: 1.481 Loaded shared library C:\Users\Andres\AppData\Local\Temp\jogamp_0000\file_cache\jln15614512925263193056\jln11458014136174671743\natives\windows-amd64\gluegen_rt.dll
Event: 1.493 Loaded shared library C:\Program Files\Java\jdk-21\bin\jawt.dll
Event: 1.515 Loaded shared library C:\Users\Andres\AppData\Local\Temp\jogamp_0000\file_cache\jln15614512925263193056\jln11458014136174671743\natives\windows-amd64\nativewindow_awt.dll
Event: 1.550 Loaded shared library C:\Users\Andres\AppData\Local\Temp\jogamp_0000\file_cache\jln15614512925263193056\jln11458014136174671743\natives\windows-amd64\nativewindow_win32.dll
Event: 1.835 Loaded shared library C:\Users\Andres\AppData\Local\Temp\jogamp_0000\file_cache\jln15614512925263193056\jln11458014136174671743\natives\windows-amd64\jogl_desktop.dll
Event: 1.946 Loaded shared library C:\Users\Andres\AppData\Local\Temp\jogamp_0000\file_cache\jln15614512925263193056\jln11458014136174671743\natives\windows-amd64\jogl_mobile.dll
Event: 3.913 Loaded shared library C:\Users\Andres\AppData\Local\Temp\jogamp_0000\file_cache\jln15614512925263193056\jln11458014136174671743\natives\windows-amd64\newt_head.dll

Deoptimization events (20 events):
Event: 4.002 Thread 0x000001ef4b29b790 DEOPT PACKING pc=0x000001ef5d432f08 sp=0x000000ad752feac0
Event: 4.002 Thread 0x000001ef4b29b790 DEOPT UNPACKING pc=0x000001ef5ce746a2 sp=0x000000ad752fe9c8 mode 2
Event: 4.002 Thread 0x000001ef4b29b790 Uncommon trap: trap_request=0xffffffc6 fr.pc=0x000001ef5d432f08 relative=0x0000000000000328
Event: 4.002 Thread 0x000001ef4b29b790 Uncommon trap: reason=bimorphic_or_optimized_type_check action=maybe_recompile pc=0x000001ef5d432f08 method=java.util.HashMap.getNode(Ljava/lang/Object;)Ljava/util/HashMap$Node; @ 128 c2
Event: 4.002 Thread 0x000001ef4b29b790 DEOPT PACKING pc=0x000001ef5d432f08 sp=0x000000ad752feac0
Event: 4.002 Thread 0x000001ef4b29b790 DEOPT UNPACKING pc=0x000001ef5ce746a2 sp=0x000000ad752fe9c8 mode 2
Event: 4.002 Thread 0x000001ef4b29b790 Uncommon trap: trap_request=0xffffffc6 fr.pc=0x000001ef5d430d64 relative=0x0000000000000304
Event: 4.002 Thread 0x000001ef4b29b790 Uncommon trap: reason=bimorphic_or_optimized_type_check action=maybe_recompile pc=0x000001ef5d430d64 method=java.util.HashMap.getNode(Ljava/lang/Object;)Ljava/util/HashMap$Node; @ 128 c2
Event: 4.002 Thread 0x000001ef4b29b790 DEOPT PACKING pc=0x000001ef5d430d64 sp=0x000000ad752fea50
Event: 4.002 Thread 0x000001ef4b29b790 DEOPT UNPACKING pc=0x000001ef5ce746a2 sp=0x000000ad752fe9c8 mode 2
Event: 4.003 Thread 0x000001ef4b29b790 Uncommon trap: trap_request=0xffffff45 fr.pc=0x000001ef5d4589f8 relative=0x0000000000000298
Event: 4.003 Thread 0x000001ef4b29b790 Uncommon trap: reason=unstable_if action=reinterpret pc=0x000001ef5d4589f8 method=java.util.HashMap.putVal(ILjava/lang/Object;Ljava/lang/Object;ZZ)Ljava/lang/Object; @ 162 c2
Event: 4.003 Thread 0x000001ef4b29b790 DEOPT PACKING pc=0x000001ef5d4589f8 sp=0x000000ad752fe9f0
Event: 4.003 Thread 0x000001ef4b29b790 DEOPT UNPACKING pc=0x000001ef5ce746a2 sp=0x000000ad752fe928 mode 2
Event: 4.145 Thread 0x000001ef7867f3d0 DEOPT PACKING pc=0x000001ef55c2d826 sp=0x000000ad781ff4a0
Event: 4.145 Thread 0x000001ef7867f3d0 DEOPT UNPACKING pc=0x000001ef5ce74e42 sp=0x000000ad781fe990 mode 0
Event: 4.146 Thread 0x000001ef7867f3d0 Uncommon trap: trap_request=0xffffff45 fr.pc=0x000001ef5d47e4cc relative=0x0000000000000a6c
Event: 4.146 Thread 0x000001ef7867f3d0 Uncommon trap: reason=unstable_if action=reinterpret pc=0x000001ef5d47e4cc method=java.awt.image.BufferedImage.getRGB(IIII[III)[I @ 150 c2
Event: 4.146 Thread 0x000001ef7867f3d0 DEOPT PACKING pc=0x000001ef5d47e4cc sp=0x000000ad781ff4b0
Event: 4.146 Thread 0x000001ef7867f3d0 DEOPT UNPACKING pc=0x000001ef5ce746a2 sp=0x000000ad781ff490 mode 2

Classes loaded (20 events):
Event: 4.032 Loading class jdk/internal/event/ThreadSleepEvent
Event: 4.032 Loading class jdk/internal/event/ThreadSleepEvent done
Event: 4.038 Loading class java/util/Timer
Event: 4.038 Loading class java/util/Timer done
Event: 4.039 Loading class java/util/TaskQueue
Event: 4.039 Loading class java/util/TaskQueue done
Event: 4.039 Loading class java/util/TimerTask
Event: 4.039 Loading class java/util/TimerTask done
Event: 4.039 Loading class java/util/TimerThread
Event: 4.039 Loading class java/util/TimerThread done
Event: 4.039 Loading class java/util/Timer$ThreadReaper
Event: 4.039 Loading class java/util/Timer$ThreadReaper done
Event: 4.193 Loading class java/lang/FdLibm$Atan2
Event: 4.193 Loading class java/lang/FdLibm$Atan2 done
Event: 4.193 Loading class java/lang/FdLibm
Event: 4.193 Loading class java/lang/FdLibm done
Event: 4.193 Loading class java/lang/FdLibm$Atan
Event: 4.193 Loading class java/lang/FdLibm$Atan done
Event: 4.274 Loading class java/util/NoSuchElementException
Event: 4.274 Loading class java/util/NoSuchElementException done

Classes unloaded (0 events):
No events

Classes redefined (0 events):
No events

Internal exceptions (20 events):
Event: 1.260 Thread 0x000001ef4b29b790 Exception <a 'java/lang/NoSuchMethodError'{0x0000000087df43f0}: 'java.lang.Object java.lang.invoke.DirectMethodHandle$Holder.invokeStaticInit(java.lang.Object, int, int, int, int)'> (0x0000000087df43f0) 
thrown [s\open\src\hotspot\share\interpreter\linkResolver.cpp, line 773]
Event: 1.295 Thread 0x000001ef4b29b790 Exception <a 'java/lang/NoSuchMethodError'{0x00000000893ecef0}: 'java.lang.Object java.lang.invoke.DirectMethodHandle$Holder.invokeStaticInit(java.lang.Object, java.lang.Object, int, int, int, int)'> (0x00000000893ecef0) 
thrown [s\open\src\hotspot\share\interpreter\linkResolver.cpp, line 773]
Event: 1.302 Thread 0x000001ef4b29b790 Exception <a 'java/lang/NoSuchMethodError'{0x00000000893f4f20}: 'int java.lang.invoke.DirectMethodHandle$Holder.invokeSpecial(java.lang.Object, java.lang.Object, java.lang.Object)'> (0x00000000893f4f20) 
thrown [s\open\src\hotspot\share\interpreter\linkResolver.cpp, line 773]
Event: 1.332 Thread 0x000001ef4b29b790 Exception <a 'java/lang/NoSuchMethodError'{0x0000000089204d70}: 'void java.lang.invoke.DirectMethodHandle$Holder.invokeStatic(java.lang.Object, long)'> (0x0000000089204d70) 
thrown [s\open\src\hotspot\share\interpreter\linkResolver.cpp, line 773]
Event: 1.333 Thread 0x000001ef4b29b790 Exception <a 'java/lang/NoSuchMethodError'{0x0000000089209bf0}: 'java.lang.Object java.lang.invoke.DirectMethodHandle$Holder.newInvokeSpecial(java.lang.Object, long)'> (0x0000000089209bf0) 
thrown [s\open\src\hotspot\share\interpreter\linkResolver.cpp, line 773]
Event: 1.335 Thread 0x000001ef4b29b790 Exception <a 'java/lang/NoSuchMethodError'{0x0000000089210748}: 'java.lang.Object java.lang.invoke.DirectMethodHandle$Holder.invokeStatic(java.lang.Object, long, java.lang.Object)'> (0x0000000089210748) 
thrown [s\open\src\hotspot\share\interpreter\linkResolver.cpp, line 773]
Event: 1.336 Thread 0x000001ef4b29b790 Exception <a 'java/lang/NoSuchMethodError'{0x0000000089213da0}: 'java.lang.Object java.lang.invoke.DirectMethodHandle$Holder.invokeStaticInit(java.lang.Object, long, java.lang.Object)'> (0x0000000089213da0) 
thrown [s\open\src\hotspot\share\interpreter\linkResolver.cpp, line 773]
Event: 1.470 Thread 0x000001ef4b29b790 Exception <a 'sun/nio/fs/WindowsException'{0x0000000089239aa0}> (0x0000000089239aa0) 
thrown [s\open\src\hotspot\share\prims\jni.cpp, line 520]
Event: 1.482 Thread 0x000001ef4b29b790 Exception <a 'java/lang/NoSuchMethodError'{0x0000000089253f70}: 'int java.lang.invoke.DirectMethodHandle$Holder.invokeStatic(java.lang.Object)'> (0x0000000089253f70) 
thrown [s\open\src\hotspot\share\interpreter\linkResolver.cpp, line 773]
Event: 1.483 Thread 0x000001ef4b29b790 Exception <a 'java/lang/NoSuchMethodError'{0x0000000089257438}: 'int java.lang.invoke.DelegatingMethodHandle$Holder.reinvoke_L(java.lang.Object)'> (0x0000000089257438) 
thrown [s\open\src\hotspot\share\interpreter\linkResolver.cpp, line 773]
Event: 1.535 Thread 0x000001ef4b29b790 Exception <a 'java/lang/NoSuchMethodError'{0x0000000089125178}: 'java.lang.Object java.lang.invoke.DirectMethodHandle$Holder.invokeInterface(java.lang.Object, java.lang.Object)'> (0x0000000089125178) 
thrown [s\open\src\hotspot\share\interpreter\linkResolver.cpp, line 773]
Event: 1.536 Thread 0x000001ef4b29b790 Exception <a 'java/lang/IncompatibleClassChangeError'{0x0000000089128690}: Found class java.lang.Object, but interface was expected> (0x0000000089128690) 
thrown [s\open\src\hotspot\share\interpreter\linkResolver.cpp, line 840]
Event: 1.847 Thread 0x000001ef4b29b790 Exception <a 'java/lang/NoSuchMethodError'{0x0000000088c2fca0}: 'long java.lang.invoke.DelegatingMethodHandle$Holder.reinvoke_L(java.lang.Object, java.lang.Object)'> (0x0000000088c2fca0) 
thrown [s\open\src\hotspot\share\interpreter\linkResolver.cpp, line 773]
Event: 1.849 Thread 0x000001ef4b29b790 Exception <a 'java/lang/NoSuchMethodError'{0x0000000088c39a60}: 'void java.lang.invoke.DelegatingMethodHandle$Holder.reinvoke_L(java.lang.Object, java.lang.Object, long)'> (0x0000000088c39a60) 
thrown [s\open\src\hotspot\share\interpreter\linkResolver.cpp, line 773]
Event: 3.249 Thread 0x000001ef6ec89670 Implicit null exception at 0x000001ef5d44a2c0 to 0x000001ef5d44a558
Event: 3.255 Thread 0x000001ef6ec89670 Exception <a 'java/lang/NoSuchMethodError'{0x00000000882905a0}: 'long java.lang.invoke.Invokers$Holder.invokeExact_MT(java.lang.Object, java.lang.Object, java.lang.Object)'> (0x00000000882905a0) 
thrown [s\open\src\hotspot\share\interpreter\linkResolver.cpp, line 773]
Event: 4.036 Thread 0x000001ef4b29b790 Exception <a 'java/lang/NoSuchMethodError'{0x00000000879c78b8}: 'void java.lang.invoke.DirectMethodHandle$Holder.invokeSpecial(java.lang.Object, java.lang.Object, java.lang.Object, java.lang.Object, java.lang.Object)'> (0x00000000879c78b8) 
thrown [s\open\src\hotspot\share\interpreter\linkResolver.cpp, line 773]
Event: 4.038 Thread 0x000001ef4b29b790 Exception <a 'java/lang/NoSuchMethodError'{0x00000000879ee358}: 'void java.lang.invoke.DirectMethodHandle$Holder.invokeSpecial(java.lang.Object, java.lang.Object, int)'> (0x00000000879ee358) 
thrown [s\open\src\hotspot\share\interpreter\linkResolver.cpp, line 773]
Event: 4.038 Thread 0x000001ef4b29b790 Exception <a 'java/lang/NoSuchMethodError'{0x00000000879f38a8}: 'java.lang.Object java.lang.invoke.DirectMethodHandle$Holder.newInvokeSpecial(java.lang.Object, java.lang.Object, int)'> (0x00000000879f38a8) 
thrown [s\open\src\hotspot\share\interpreter\linkResolver.cpp, line 773]
Event: 4.101 Thread 0x000001ef4b29b790 Exception <a 'java/lang/NoSuchMethodError'{0x000000008782cd78}: 'java.lang.Object java.lang.invoke.Invokers$Holder.linkToTargetMethod(java.lang.Object, int, int, java.lang.Object)'> (0x000000008782cd78) 
thrown [s\open\src\hotspot\share\interpreter\linkResolver.cpp, line 773]

ZGC Phase Switch (0 events):
No events

VM Operations (20 events):
Event: 0.205 Executing VM operation: HandshakeAllThreads (Deoptimize)
Event: 0.205 Executing VM operation: HandshakeAllThreads (Deoptimize) done
Event: 0.265 Executing VM operation: HandshakeAllThreads (Deoptimize)
Event: 0.266 Executing VM operation: HandshakeAllThreads (Deoptimize) done
Event: 0.778 Executing VM operation: HandshakeAllThreads (Deoptimize)
Event: 0.778 Executing VM operation: HandshakeAllThreads (Deoptimize) done
Event: 1.087 Executing VM operation: HandshakeAllThreads (Deoptimize)
Event: 1.087 Executing VM operation: HandshakeAllThreads (Deoptimize) done
Event: 1.087 Executing VM operation: Cleanup
Event: 1.087 Executing VM operation: Cleanup done
Event: 1.216 Executing VM operation: HandshakeAllThreads (Deoptimize)
Event: 1.216 Executing VM operation: HandshakeAllThreads (Deoptimize) done
Event: 1.274 Executing VM operation: G1CollectForAllocation (G1 Evacuation Pause)
Event: 1.281 Executing VM operation: G1CollectForAllocation (G1 Evacuation Pause) done
Event: 1.469 Executing VM operation: HandshakeAllThreads (Deoptimize)
Event: 1.469 Executing VM operation: HandshakeAllThreads (Deoptimize) done
Event: 2.475 Executing VM operation: Cleanup
Event: 2.475 Executing VM operation: Cleanup done
Event: 3.487 Executing VM operation: Cleanup
Event: 3.558 Executing VM operation: Cleanup done

Events (20 events):
Event: 0.335 Thread 0x000001ef6e3d2060 Thread added: 0x000001ef6e3d2060
Event: 0.337 Thread 0x000001ef6e3d5c40 Thread added: 0x000001ef6e3d5c40
Event: 0.529 Thread 0x000001ef6e7f4a90 Thread added: 0x000001ef6e7f4a90
Event: 0.673 Thread 0x000001ef6e80f330 Thread added: 0x000001ef6e80f330
Event: 0.727 Thread 0x000001ef6e9ae9f0 Thread added: 0x000001ef6e9ae9f0
Event: 1.459 Thread 0x000001ef6ea1cb00 Thread added: 0x000001ef6ea1cb00
Event: 1.459 Thread 0x000001ef6e7f4a90 Thread exited: 0x000001ef6e7f4a90
Event: 1.470 Thread 0x000001ef6ea1cb00 Thread exited: 0x000001ef6ea1cb00
Event: 1.862 Thread 0x000001ef6ec89670 Thread added: 0x000001ef6ec89670
Event: 3.992 Thread 0x000001ef77dea0e0 Thread added: 0x000001ef77dea0e0
Event: 4.031 Thread 0x000001ef77deae00 Thread added: 0x000001ef77deae00
Event: 4.037 Thread 0x000001ef77dec1b0 Thread added: 0x000001ef77dec1b0
Event: 4.039 Thread 0x000001ef77ded560 Thread added: 0x000001ef77ded560
Event: 4.101 Thread 0x000001ef7867f3d0 Thread added: 0x000001ef7867f3d0
Event: 4.102 Thread 0x000001ef4b29b790 Thread exited: 0x000001ef4b29b790
Event: 4.102 Thread 0x000001ef7867fa60 Thread added: 0x000001ef7867fa60
Event: 4.104 Thread 0x000001ef6e1839c0 Thread added: 0x000001ef6e1839c0
Event: 4.108 Thread 0x000001ef6e1821a0 Thread added: 0x000001ef6e1821a0
Event: 4.227 Thread 0x000001ef6e1821a0 Thread exited: 0x000001ef6e1821a0
Event: 4.279 Thread 0x000001ef6e1839c0 Thread exited: 0x000001ef6e1839c0


Dynamic libraries:
0x00007ff7c0e90000 - 0x00007ff7c0ea0000 	C:\Program Files\Java\jdk-21\bin\java.exe
0x00007ffb786d0000 - 0x00007ffb788e7000 	C:\WINDOWS\SYSTEM32\ntdll.dll
0x00007ffb77c30000 - 0x00007ffb77cf4000 	C:\WINDOWS\System32\KERNEL32.DLL
0x00007ffb75e00000 - 0x00007ffb761a6000 	C:\WINDOWS\System32\KERNELBASE.dll
0x00007ffb72740000 - 0x00007ffb727d7000 	C:\WINDOWS\SYSTEM32\apphelp.dll
0x00007ffb76260000 - 0x00007ffb76371000 	C:\WINDOWS\System32\ucrtbase.dll
0x00007ffb5d770000 - 0x00007ffb5d78b000 	C:\Program Files\Java\jdk-21\bin\VCRUNTIME140.dll
0x00007ffb67320000 - 0x00007ffb67339000 	C:\Program Files\Java\jdk-21\bin\jli.dll
0x00007ffb78540000 - 0x00007ffb785f3000 	C:\WINDOWS\System32\ADVAPI32.dll
0x00007ffb76730000 - 0x00007ffb767d7000 	C:\WINDOWS\System32\msvcrt.dll
0x00007ffb776e0000 - 0x00007ffb77788000 	C:\WINDOWS\System32\sechost.dll
0x00007ffb75a10000 - 0x00007ffb75a38000 	C:\WINDOWS\System32\bcrypt.dll
0x00007ffb78360000 - 0x00007ffb78477000 	C:\WINDOWS\System32\RPCRT4.dll
0x00007ffb76430000 - 0x00007ffb765de000 	C:\WINDOWS\System32\USER32.dll
0x00007ffb53cd0000 - 0x00007ffb53f63000 	C:\WINDOWS\WinSxS\amd64_microsoft.windows.common-controls_6595b64144ccf1df_6.0.22621.2506_none_270c5ae97388e100\COMCTL32.dll
0x00007ffb761b0000 - 0x00007ffb761d6000 	C:\WINDOWS\System32\win32u.dll
0x00007ffb77fa0000 - 0x00007ffb77fc9000 	C:\WINDOWS\System32\GDI32.dll
0x00007ffb75b00000 - 0x00007ffb75c18000 	C:\WINDOWS\System32\gdi32full.dll
0x00007ffb76380000 - 0x00007ffb7641a000 	C:\WINDOWS\System32\msvcp_win.dll
0x00007ffb69b80000 - 0x00007ffb69b8a000 	C:\WINDOWS\SYSTEM32\VERSION.dll
0x00007ffb78480000 - 0x00007ffb784b1000 	C:\WINDOWS\System32\IMM32.DLL
0x00007ffb53680000 - 0x00007ffb53762000 	C:\Program Files\Windhawk\Engine\1.4.1\64\windhawk.dll
0x00007ffb685b0000 - 0x00007ffb685bc000 	C:\Program Files\Java\jdk-21\bin\vcruntime140_1.dll
0x00007ffb509c0000 - 0x00007ffb50a4e000 	C:\Program Files\Java\jdk-21\bin\msvcp140.dll
0x00007ffb2aa70000 - 0x00007ffb2b785000 	C:\Program Files\Java\jdk-21\bin\server\jvm.dll
0x00007ffb784c0000 - 0x00007ffb78531000 	C:\WINDOWS\System32\WS2_32.dll
0x00007ffb74890000 - 0x00007ffb748dd000 	C:\WINDOWS\SYSTEM32\POWRPROF.dll
0x00007ffb6b060000 - 0x00007ffb6b094000 	C:\WINDOWS\SYSTEM32\WINMM.dll
0x00007ffb74870000 - 0x00007ffb74883000 	C:\WINDOWS\SYSTEM32\UMPDC.dll
0x00007ffb74b30000 - 0x00007ffb74b48000 	C:\WINDOWS\SYSTEM32\kernel.appcore.dll
0x00007ffb68570000 - 0x00007ffb6857a000 	C:\Program Files\Java\jdk-21\bin\jimage.dll
0x00007ffb732a0000 - 0x00007ffb734d3000 	C:\WINDOWS\SYSTEM32\DBGHELP.DLL
0x00007ffb77fd0000 - 0x00007ffb78359000 	C:\WINDOWS\System32\combase.dll
0x00007ffb77b50000 - 0x00007ffb77c27000 	C:\WINDOWS\System32\OLEAUT32.dll
0x00007ffb69720000 - 0x00007ffb69752000 	C:\WINDOWS\SYSTEM32\dbgcore.DLL
0x00007ffb761e0000 - 0x00007ffb7625a000 	C:\WINDOWS\System32\bcryptPrimitives.dll
0x00007ffb67310000 - 0x00007ffb6731f000 	C:\Program Files\Java\jdk-21\bin\instrument.dll
0x00007ffb5cb10000 - 0x00007ffb5cb2f000 	C:\Program Files\Java\jdk-21\bin\java.dll
0x00007ffb767e0000 - 0x00007ffb7703a000 	C:\WINDOWS\System32\SHELL32.dll
0x00007ffb73970000 - 0x00007ffb74266000 	C:\WINDOWS\SYSTEM32\windows.storage.dll
0x00007ffb73830000 - 0x00007ffb7396e000 	C:\WINDOWS\SYSTEM32\wintypes.dll
0x00007ffb775e0000 - 0x00007ffb776d3000 	C:\WINDOWS\System32\SHCORE.dll
0x00007ffb77850000 - 0x00007ffb778ae000 	C:\WINDOWS\System32\shlwapi.dll
0x00007ffb75940000 - 0x00007ffb75966000 	C:\WINDOWS\SYSTEM32\profapi.dll
0x00007ffb30310000 - 0x00007ffb303e7000 	C:\Program Files\Java\jdk-21\bin\jsvml.dll
0x00007ffb583e0000 - 0x00007ffb583f8000 	C:\Program Files\Java\jdk-21\bin\zip.dll
0x00007ffb5cf40000 - 0x00007ffb5cf50000 	C:\Program Files\Java\jdk-21\bin\net.dll
0x00007ffb6f680000 - 0x00007ffb6f7b7000 	C:\WINDOWS\SYSTEM32\WINHTTP.dll
0x00007ffb74fb0000 - 0x00007ffb75019000 	C:\WINDOWS\system32\mswsock.dll
0x00007ffb58400000 - 0x00007ffb58416000 	C:\Program Files\Java\jdk-21\bin\nio.dll
0x00007ffb583b0000 - 0x00007ffb583ca000 	C:\Program Files\JetBrains\IntelliJ IDEA Community Edition 2023.3.2\bin\breakgen64.dll
0x00007ffb525b0000 - 0x00007ffb525b7000 	C:\Program Files\Java\jdk-21\bin\extnet.dll
0x00007ffb30180000 - 0x00007ffb3030f000 	C:\Program Files\Java\jdk-21\bin\awt.dll
0x00007ffb72b90000 - 0x00007ffb72bbb000 	C:\WINDOWS\system32\DWMAPI.DLL
0x00007ffb72910000 - 0x00007ffb729bb000 	C:\WINDOWS\system32\uxtheme.dll
0x00007ffaf4030000 - 0x00007ffaf4130000 	C:\WINDOWS\system32\opengl32.dll
0x00007ffaf89a0000 - 0x00007ffaf89cd000 	C:\WINDOWS\SYSTEM32\GLU32.dll
0x00007ffb72c30000 - 0x00007ffb72c66000 	C:\WINDOWS\SYSTEM32\dxcore.dll
0x00007ffb765e0000 - 0x00007ffb76730000 	C:\WINDOWS\System32\MSCTF.dll
0x00007ffb779b0000 - 0x00007ffb77b50000 	C:\WINDOWS\System32\ole32.dll
0x00007ffb4d000000 - 0x00007ffb4d02e000 	C:\Program Files\Java\jdk-21\bin\javajpeg.dll
0x00007ffb33a30000 - 0x00007ffb33ab7000 	C:\Program Files\Java\jdk-21\bin\freetype.dll
0x00007ffb300a0000 - 0x00007ffb30173000 	C:\Program Files\Java\jdk-21\bin\fontmanager.dll
0x00007ffb57bb0000 - 0x00007ffb57cfa000 	C:\WINDOWS\SYSTEM32\textinputframework.dll
0x00007ffb524b0000 - 0x00007ffb52519000 	C:\WINDOWS\system32\Oleacc.dll
0x00007ffb72050000 - 0x00007ffb72184000 	C:\WINDOWS\SYSTEM32\CoreMessaging.dll
0x00007ffb66790000 - 0x00007ffb66afc000 	C:\WINDOWS\SYSTEM32\CoreUIComponents.dll
0x00007ffb75220000 - 0x00007ffb7522c000 	C:\WINDOWS\SYSTEM32\CRYPTBASE.DLL
0x00007ffb30030000 - 0x00007ffb3009f000 	C:\Program Files\Java\jdk-21\bin\JNISpout_64.dll
0x00007ffb72a80000 - 0x00007ffb72b78000 	C:\WINDOWS\SYSTEM32\dxgi.dll
0x00007ffb71320000 - 0x00007ffb71577000 	C:\WINDOWS\SYSTEM32\d3d11.dll
0x00007ffb75200000 - 0x00007ffb7521b000 	C:\WINDOWS\SYSTEM32\CRYPTSP.dll
0x00007ffb74a90000 - 0x00007ffb74ac5000 	C:\WINDOWS\system32\rsaenh.dll
0x00007ffb750a0000 - 0x00007ffb750cc000 	C:\WINDOWS\SYSTEM32\USERENV.dll
0x00007ffb74580000 - 0x00007ffb745ad000 	C:\WINDOWS\SYSTEM32\IPHLPAPI.DLL
0x00007ffb76420000 - 0x00007ffb76429000 	C:\WINDOWS\System32\NSI.dll
0x00007ffb4a450000 - 0x00007ffb4a463000 	C:\Users\Andres\AppData\Local\Temp\jogamp_0000\file_cache\jln15614512925263193056\jln11458014136174671743\natives\windows-amd64\gluegen_rt.dll
0x00007ffb4e5f0000 - 0x00007ffb4e5f7000 	C:\Program Files\Java\jdk-21\bin\jawt.dll
0x00007ffb4e0f0000 - 0x00007ffb4e0fd000 	C:\Users\Andres\AppData\Local\Temp\jogamp_0000\file_cache\jln15614512925263193056\jln11458014136174671743\natives\windows-amd64\nativewindow_awt.dll
0x00007ffb463c0000 - 0x00007ffb463d5000 	C:\Users\Andres\AppData\Local\Temp\jogamp_0000\file_cache\jln15614512925263193056\jln11458014136174671743\natives\windows-amd64\nativewindow_win32.dll
0x00007ffb2ffa0000 - 0x00007ffb30023000 	C:\Users\Andres\AppData\Local\Temp\jogamp_0000\file_cache\jln15614512925263193056\jln11458014136174671743\natives\windows-amd64\jogl_desktop.dll
0x00007ffb2ebb0000 - 0x00007ffb2ec02000 	C:\Users\Andres\AppData\Local\Temp\jogamp_0000\file_cache\jln15614512925263193056\jln11458014136174671743\natives\windows-amd64\jogl_mobile.dll
0x00007ffb696a0000 - 0x00007ffb696ea000 	C:\WINDOWS\SYSTEM32\directxdatabasehelper.dll
0x00007ffb777a0000 - 0x00007ffb77850000 	C:\WINDOWS\System32\clbcatq.dll
0x00007ffb6b690000 - 0x00007ffb6b7c5000 	C:\Windows\System32\AppXDeploymentClient.dll
0x00007ffae5180000 - 0x00007ffae7d6c000 	C:\WINDOWS\System32\DriverStore\FileRepository\nvmsosig.inf_amd64_1de011dbd452c656\nvoglv64.dll
0x00007ffb770b0000 - 0x00007ffb77524000 	C:\WINDOWS\System32\SETUPAPI.dll
0x00007ffb748e0000 - 0x00007ffb748f4000 	C:\WINDOWS\SYSTEM32\WTSAPI32.dll
0x00007ffb75760000 - 0x00007ffb75772000 	C:\WINDOWS\SYSTEM32\msasn1.dll
0x00007ffb69840000 - 0x00007ffb69872000 	C:\WINDOWS\SYSTEM32\cryptnet.dll
0x00007ffb75c20000 - 0x00007ffb75d86000 	C:\WINDOWS\System32\CRYPT32.dll
0x00007ffb69100000 - 0x00007ffb69258000 	C:\WINDOWS\SYSTEM32\drvstore.dll
0x00007ffb756b0000 - 0x00007ffb756dc000 	C:\WINDOWS\SYSTEM32\devobj.dll
0x00007ffb756e0000 - 0x00007ffb7572e000 	C:\WINDOWS\SYSTEM32\cfgmgr32.dll
0x00007ffb752b0000 - 0x00007ffb752fb000 	C:\WINDOWS\SYSTEM32\wldp.dll
0x000001ef72ed0000 - 0x000001ef72f3b000 	C:\WINDOWS\System32\wintrust.dll
0x00007ffb77d60000 - 0x00007ffb77d7f000 	C:\WINDOWS\System32\imagehlp.dll
0x00007ffb75040000 - 0x00007ffb75066000 	C:\WINDOWS\SYSTEM32\gpapi.dll
0x00007ffb3bb70000 - 0x00007ffb3dd5e000 	C:\WINDOWS\System32\DriverStore\FileRepository\nvmsosig.inf_amd64_1de011dbd452c656\nvgpucomp64.dll
0x00007ffb74b50000 - 0x00007ffb74b84000 	C:\WINDOWS\SYSTEM32\ntmarta.dll
0x00007ffb20be0000 - 0x00007ffb20eb1000 	C:\WINDOWS\system32\nvspcap64.dll
0x00007ffb74510000 - 0x00007ffb74576000 	C:\WINDOWS\SYSTEM32\WINSTA.dll
0x00007ffb3de70000 - 0x00007ffb3df2c000 	C:\WINDOWS\System32\DriverStore\FileRepository\nvmsosig.inf_amd64_1de011dbd452c656\nvldumdx.dll
0x00007ffb361f0000 - 0x00007ffb3b5fa000 	C:\WINDOWS\System32\DriverStore\FileRepository\nvmsosig.inf_amd64_1de011dbd452c656\nvwgf2umx.dll
0x00007ffb5d8a0000 - 0x00007ffb5dfd7000 	C:\WINDOWS\System32\DriverStore\FileRepository\nvmsosig.inf_amd64_1de011dbd452c656\Display.NvContainer\MessageBus.dll
0x00007ffb5e690000 - 0x00007ffb5ee32000 	C:\WINDOWS\SYSTEM32\nvapi64.dll
0x00007ffb64440000 - 0x00007ffb64ae2000 	C:\WINDOWS\System32\DriverStore\FileRepository\64zh1339.inf_amd64_049a1eb556a79dfd\igd10iumd64.dll
0x00007ffb753a0000 - 0x00007ffb753ce000 	C:\WINDOWS\SYSTEM32\ncrypt.dll
0x00007ffb75360000 - 0x00007ffb75397000 	C:\WINDOWS\SYSTEM32\NTASN1.dll
0x00007ffb6f4f0000 - 0x00007ffb6f50f000 	C:\WINDOWS\SYSTEM32\dhcpcsvc.DLL
0x00007ffb63fd0000 - 0x00007ffb64397000 	C:\WINDOWS\System32\DriverStore\FileRepository\64zh1339.inf_amd64_049a1eb556a79dfd\igdgmm64.dll
0x00007ffb60a10000 - 0x00007ffb63fc2000 	C:\WINDOWS\System32\DriverStore\FileRepository\64zh1339.inf_amd64_049a1eb556a79dfd\igc64.dll
0x00007ffb71df0000 - 0x00007ffb72042000 	C:\WINDOWS\SYSTEM32\dcomp.dll
0x00007ffb463a0000 - 0x00007ffb463b9000 	C:\Users\Andres\AppData\Local\Temp\jogamp_0000\file_cache\jln15614512925263193056\jln11458014136174671743\natives\windows-amd64\newt_head.dll
0x00007ffb6f260000 - 0x00007ffb6f31c000 	C:\WINDOWS\SYSTEM32\mscms.dll
0x00007ffb643f0000 - 0x00007ffb64439000 	C:\WINDOWS\SYSTEM32\icm32.dll

dbghelp: loaded successfully - version: 4.0.5 - missing functions: none
symbol engine: initialized successfully - sym options: 0x614 - pdb path: .;C:\Program Files\Java\jdk-21\bin;C:\WINDOWS\SYSTEM32;C:\WINDOWS\WinSxS\amd64_microsoft.windows.common-controls_6595b64144ccf1df_6.0.22621.2506_none_270c5ae97388e100;C:\Program Files\Windhawk\Engine\1.4.1\64;C:\Program Files\Java\jdk-21\bin\server;C:\Program Files\JetBrains\IntelliJ IDEA Community Edition 2023.3.2\bin;C:\Users\Andres\AppData\Local\Temp\jogamp_0000\file_cache\jln15614512925263193056\jln11458014136174671743\natives\windows-amd64;C:\WINDOWS\System32\DriverStore\FileRepository\nvmsosig.inf_amd64_1de011dbd452c656;C:\WINDOWS\System32\DriverStore\FileRepository\nvmsosig.inf_amd64_1de011dbd452c656\Display.NvContainer;C:\WINDOWS\System32\DriverStore\FileRepository\64zh1339.inf_amd64_049a1eb556a79dfd

VM Arguments:
jvm_args: -Djava.library.path=C:\Users\Andres\Documents\Code Libs\Spout -javaagent:C:\Program Files\JetBrains\IntelliJ IDEA Community Edition 2023.3.2\lib\idea_rt.jar=59400:C:\Program Files\JetBrains\IntelliJ IDEA Community Edition 2023.3.2\bin -Dfile.encoding=UTF-8 -Dsun.stdout.encoding=UTF-8 -Dsun.stderr.encoding=UTF-8 
java_command: com.bslsk.bin.GFrame
java_class_path (initial): C:\Users\Andres\Documents\GitHub\MELTr\out\production\MELTr;C:\Users\Andres\Documents\Code Libs\Spout\core.jar;C:\Users\Andres\Documents\Code Libs\jogamp-all-platforms\jar\gluegen-rt-natives-windows-amd64.jar;C:\Users\Andres\Documents\Code Libs\jogamp-all-platforms\jar\gluegen.jar;C:\Users\Andres\Documents\Code Libs\jogamp-all-platforms\jar\jocl-natives-windows-amd64.jar;C:\Users\Andres\Documents\Code Libs\jogamp-all-platforms\jar\jocl.jar;C:\Users\Andres\Documents\Code Libs\jogamp-all-platforms\jar\jogl-all.jar;C:\Users\Andres\Documents\Code Libs\jogamp-all-platforms\jar\joal-natives-windows-amd64.jar;C:\Users\Andres\Documents\Code Libs\jogamp-all-platforms\jar\joal.jar;C:\Users\Andres\Documents\Code Libs\Spout\library\spout.jar
Launcher Type: SUN_STANDARD

[Global flags]
     intx CICompilerCount                          = 4                                         {product} {ergonomic}
     uint ConcGCThreads                            = 2                                         {product} {ergonomic}
     uint G1ConcRefinementThreads                  = 8                                         {product} {ergonomic}
   size_t G1HeapRegionSize                         = 1048576                                   {product} {ergonomic}
    uintx GCDrainStackTargetSize                   = 64                                        {product} {ergonomic}
   size_t InitialHeapSize                          = 134217728                                 {product} {ergonomic}
   size_t MarkStackSize                            = 4194304                                   {product} {ergonomic}
   size_t MaxHeapSize                              = 2126512128                                {product} {ergonomic}
   size_t MaxNewSize                               = 1275068416                                {product} {ergonomic}
   size_t MinHeapDeltaBytes                        = 1048576                                   {product} {ergonomic}
   size_t MinHeapSize                              = 8388608                                   {product} {ergonomic}
    uintx NonNMethodCodeHeapSize                   = 5839372                                {pd product} {ergonomic}
    uintx NonProfiledCodeHeapSize                  = 122909434                              {pd product} {ergonomic}
    uintx ProfiledCodeHeapSize                     = 122909434                              {pd product} {ergonomic}
    uintx ReservedCodeCacheSize                    = 251658240                              {pd product} {ergonomic}
     bool SegmentedCodeCache                       = true                                      {product} {ergonomic}
   size_t SoftMaxHeapSize                          = 2126512128                             {manageable} {ergonomic}
     bool UseCompressedOops                        = true                           {product lp64_product} {ergonomic}
     bool UseG1GC                                  = true                                      {product} {ergonomic}
     bool UseLargePagesIndividualAllocation        = false                                  {pd product} {ergonomic}

Logging:
Log output configuration:
 #0: stdout all=warning uptime,level,tags foldmultilines=false
 #1: stderr all=off uptime,level,tags foldmultilines=false

Environment Variables:
PATH=C:\Program Files (x86)\Common Files\Intel\Shared Libraries\redist\intel64_win\compiler;C:\Program Files\Common Files\Oracle\Java\javapath;C:\WINDOWS\system32;C:\WINDOWS;C:\WINDOWS\System32\Wbem;C:\WINDOWS\System32\WindowsPowerShell\v1.0\;C:\WINDOWS\System32\OpenSSH\;C:\Program Files (x86)\NVIDIA Corporation\PhysX\Common;C:\Program Files\NVIDIA Corporation\NVIDIA NvDLISR;C:\Program Files\Git\cmd;C:\WINDOWS\system32;C:\WINDOWS;C:\WINDOWS\System32\Wbem;C:\WINDOWS\System32\WindowsPowerShell\v1.0\;C:\WINDOWS\System32\OpenSSH\;C:\ProgramData\chocolatey\bin;C:\Program Files\dotnet\;C:\Users\Andres\AppData\Local\Microsoft\WindowsApps;C:\Program Files\JetBrains\IntelliJ IDEA Community Edition 2023.3.2\bin;;C:\Users\Andres\AppData\Local\GitHubDesktop\bin;
USERNAME=User
OS=Windows_NT
PROCESSOR_IDENTIFIER=Intel64 Family 6 Model 142 Stepping 10, GenuineIntel
TMP=C:\Users\Andres\AppData\Local\Temp
TEMP=C:\Users\Andres\AppData\Local\Temp




Periodic native trim disabled

---------------  S Y S T E M  ---------------

OS:
 Windows 11 , 64 bit Build 22621 (10.0.22621.2506)
OS uptime: 1 days 14:51 hours

CPU: total 8 (initial active 8) (4 cores per cpu, 2 threads per core) family 6 model 142 stepping 10 microcode 0xf0, cx8, cmov, fxsr, ht, mmx, 3dnowpref, sse, sse2, sse3, ssse3, sse4.1, sse4.2, popcnt, lzcnt, tsc, tscinvbit, avx, avx2, aes, erms, clmul, bmi1, bmi2, rtm, adx, fma, vzeroupper, clflush, clflushopt, rdtscp, f16c
Processor Information for all 8 processors :
  Max Mhz: 2112, Current Mhz: 1910, Mhz Limit: 1900

Memory: 4k page, system-wide physical 8109M (1243M free)
TotalPageFile size 16428M (AvailPageFile size 2843M)
current process WorkingSet (physical memory assigned to process): 212M, peak: 212M
current process commit charge ("private bytes"): 435M, peak: 435M

vm_info: Java HotSpot(TM) 64-Bit Server VM (21.0.1+12-LTS-29) for windows-amd64 JRE (21.0.1+12-LTS-29), built on 2023-10-05T13:27:09Z by "mach5one" with MS VC++ 17.1 (VS2022)

END.
